* 87811a3 : PDF upload
* a2a8f96 : fixed JTextField formatting
* fd5fec9 : Updated Javadoc
* 1a3c9bc : Commented on project files
* f342ef5 : Bug fix in Pizza class
* eda83cc : GUI now displays errors. Also refactored for loops
* ad816a2 : Added Image
*   9e5f3d8 : Merge branch 'master' of https://NickIsReady@bitbucket.org/NickIsReady/asgn2.git
|\  
| * a785466 : Modified customer and pizza tests
* | 1561698 : Added image
|/  
* 7a0c995 : Added some color to the GUI
* 5c18d0f : Fixed up some formatting in the LogButtons JPanel
* a2f910d : Fixed a bug, that displays multiple versions of the data, as the display data button was not disabled
* 3e1da90 : Fixed formatting for calculate total profit and total distance
* ed264b8 : Fixed getOrderCost GUI issue
* e6e87ec : Made buttons disabled when the reset button is pressed, or new log is being chosen.
* 7b3b78b : Fixed Decimal Formatting
* f046148 : GUI Implementation progress so far (almost done)
* f85e476 : Added exception tests to LogHandlerTests
* f40c910 : Fixed LogHandlerPizzaTests and Pizza class
* 6d87ce2 : Added some more code and order table
* 4b4666e : Setup run() function
* c885b29 : Initialized components
* 6801eaf : README.md edited online with Bitbucket
* a18d4f4 : Fixed Customer and Customer Tests
* 0c5b9f4 : commit gui thing
* b1f1ef5 : Added Invalid Logs
* fada391 : yyyyeah
* 3f42d57 : starting gui
*   2fb088f : Conflict fix
|\  
| * da085bd : yeah
| * 07578fc : Thomas Shortt (n8854742)
| * 3da4a16 : Nicholas Constantine (n9171550)
| * 136570d : update
* | 2172787 : Added Invalid Customer Log test
|/  
* 9086a67 : Quick fix
* 6d84566 : changed some stuff
* c41b6ad : Updated Restaurant and Log Tests
* 2659cac : Update to Restaurant and Log Tests
* 3e0a02f : updated log tests
* 0fdf4ed : vfaafewa
*   3e1d113 : Merge branch 'master' of https://NickIsReady@bitbucket.org/NickIsReady/asgn2.git
|\  
| * 6c415fe : Updated restaurant customer tests
* | edc8e05 : dont reject this commit bitbuckettttt
* | b0ad16e : this commit better work
* | cb2a2f8 : updated tests pizza restaurant
|/  
* 02c4ca0 : oops wrong file
* 56cf7d2 : INVALID LOGGGGG
* d85f504 : invalidlog
* e9ebd6e : fixed resturnat(cant spell)
* 32f1812 : Updated customer tests
* b1a66c1 : fixed some stuff
* 14202e9 : Added LogHandler tests
*   d0041c5 : Updated LogHandler
|\  
* | feedb34 : create pizza
* | 1178ae0 : pizza restaurant test so far
|/  
* 0e28473 : edited pizza restaurant
*   438538b : Merge branch 'master' of https://NickIsReady@bitbucket.org/NickIsReady/asgn2.git
|\  
| *   efa8021 : Merge branch 'master' of https://thomas_shortt@bitbucket.org/NickIsReady/asgn2.git
| |\  
| * | 032affd : Updated customer tests
| * | 58808bb : Updated customer tests
| * | 9b319cc : Updated Customer tests
| * | 5eb19c6 : Updated Customer tests
| * | de75343 : Updated CustomerTests
* | | ef64acf : edited pizza restaurant
| |/  
|/|   
* | 9efc412 : PizzaFactoryTests++;
* | f90d5eb : Pizza Tests
* | dc24b0e : pizza toppings fixed
|/  
* 9741950 : another update
* aa0cac9 : Added Delivery Distance test
* 32d8359 : Added Exception Tests
* 02ccf9a : Added Customer Tests
* b2d95ba : Commit Test
* 0f19397 : RestaurantCustomerTests
* 107872b : CustomerTests
* dfa1319 : CustomerFactoryTests
* 158a916 : Modified PizzaRestaurant
* 08e4055 : Modified PizzaFactory
* 31591d4 : Modified MeatLoversPizza
* 9fd10ed : Modified VegetarianPizza
* 610681b : Modified MargheritaPizza
* 14b0e16 : Modified Pizza
* 659ef43 : YEAH
* 4794873 : MAJOR BUG FIX
* 69bc24d : updated
* a3c7894 : processlog
* 678e1b9 : added my name and yeah
* 0049b42 : updated
* 0561bf9 : updated
* 46839c6 : UPDATED EXCEPTION HANDLING (CAPSLOCK)
* 7cebbb6 : logs updated
* d809c73 : Update README.md
* 1f5d37b : Customer class done
* 9d168fa : all except customerFactory
* 988257d : Modified Pizza Abstract Class
* 38d2c36 : no message
* f57c0e6 : hi
* e1408c5 : Update README.md
* 1553a85 : hdshr
* 8889caf : Delete Customer.java
* eec0524 : Add files via upload
* 4e0496c : Delete cab302-asgn2-434d3ada012f.zip
* 34e27a3 : Add files via upload
* 80f8feb : PizzaREADME.mdcommit 87811a3c03a569506ef0af6af513a68d7917338d
Author: Thomas Shortt <tmshortt07@gmail.com>
Date:   Thu Jun 1 22:47:31 2017 +1000

    PDF upload

commit a2a8f96cdf1c76a1bcd7150f68a7766db7c39d79
Author: Nick <nickconstantine123@gmail.com>
Date:   Thu Jun 1 22:09:11 2017 +1000

    fixed JTextField formatting

commit fd5fec9d4dd4d6c4f0c4d5e11b24b228f8bac779
Author: Thomas Shortt <tmshortt07@gmail.com>
Date:   Thu Jun 1 21:54:34 2017 +1000

    Updated Javadoc

commit 1a3c9bce09d52abbafc6f21127a466f041641d51
Author: Thomas Shortt <tmshortt07@gmail.com>
Date:   Thu Jun 1 21:30:45 2017 +1000

    Commented on project files

commit f342ef56f5d66c7ec35ee0d79f553274079e179a
Author: Thomas Shortt <tmshortt07@gmail.com>
Date:   Thu Jun 1 18:45:05 2017 +1000

    Bug fix in Pizza class

commit eda83cc8200d5e04da1ec4a2b573dd6818b384a1
Author: Thomas Shortt <tmshortt07@gmail.com>
Date:   Thu Jun 1 18:08:36 2017 +1000

    GUI now displays errors. Also refactored for loops

commit ad816a218e1ca0046d2df22a937fe4ebd78fd0c8
Author: Nick <nickconstantine123@gmail.com>
Date:   Thu Jun 1 17:55:22 2017 +1000

    Added Image

commit 9e5f3d812a210afd930b634981e907f6df4d846b
Merge: 1561698 a785466
Author: Captain <Captain@DESKTOP-7OCNFPQ>
Date:   Thu Jun 1 17:54:49 2017 +1000

    Merge branch 'master' of https://NickIsReady@bitbucket.org/NickIsReady/asgn2.git

commit 15616985cdb10c50828a8ff6b6a0de1bc536d5aa
Author: Nick <nickconstantine123@gmail.com>
Date:   Thu Jun 1 17:51:17 2017 +1000

    Added image

commit a785466a857b5f1d87112cba6c1ce8ac9aa21324
Author: Thomas Shortt <tmshortt07@gmail.com>
Date:   Thu Jun 1 17:39:32 2017 +1000

    Modified customer and pizza tests

commit 7a0c9954f7de50a9fb06113f2375142186839fe5
Author: Nick <nickconstantine123@gmail.com>
Date:   Thu Jun 1 17:18:49 2017 +1000

    Added some color to the GUI

commit 5c18d0f10c8536e738b95defbddb5cfe95dc3c1a
Author: Nick <nickconstantine123@gmail.com>
Date:   Thu Jun 1 16:57:06 2017 +1000

    Fixed up some formatting in the LogButtons JPanel

commit a2f910d76f418984e849940e989d11ac070bf94d
Author: Nick <nickconstantine123@gmail.com>
Date:   Thu Jun 1 16:32:04 2017 +1000

    Fixed a bug, that displays multiple versions of the data, as the display
    data button was not disabled

commit 3e1da90c4b629f1ee9a8bddcdfa02dd3513c2f4b
Author: Nick <nickconstantine123@gmail.com>
Date:   Thu Jun 1 16:26:40 2017 +1000

    Fixed formatting for calculate total profit and total distance

commit ed264b8d737acf8e239a38295fb1a72f5bef9823
Author: Nick <nickconstantine123@gmail.com>
Date:   Thu Jun 1 15:49:31 2017 +1000

    Fixed getOrderCost GUI issue

commit e6e87ec42236ac0e52a0a7a040f25718be61bf0e
Author: Nick <nickconstantine123@gmail.com>
Date:   Thu Jun 1 15:28:22 2017 +1000

    Made buttons disabled when the reset button is pressed, or new log is
    being chosen.

commit 7b3b78b69417b089a93ed3a67358565684334f47
Author: Nick <nickconstantine123@gmail.com>
Date:   Thu Jun 1 14:09:20 2017 +1000

    Fixed Decimal Formatting

commit f04614828aff7b0b28778e00a9882e896e5a9973
Author: Nick <nickconstantine123@gmail.com>
Date:   Thu Jun 1 10:45:50 2017 +1000

    GUI Implementation progress so far (almost done)

commit f85e4761d90b7ad7a39a06020f3bacaeed4ecab1
Author: Thomas Shortt <tmshortt07@gmail.com>
Date:   Tue May 30 17:14:03 2017 +1000

    Added exception tests to LogHandlerTests

commit f40c9100d45590826a6be6fb6a14059fe5c10470
Author: Thomas Shortt <tmshortt07@gmail.com>
Date:   Tue May 30 16:58:12 2017 +1000

    Fixed LogHandlerPizzaTests and Pizza class

commit 6d87ce2293870e6ebcc88b9aefc98c63464bafc6
Author: Thomas Shortt <tmshortt07@gmail.com>
Date:   Tue May 30 15:57:53 2017 +1000

    Added some more code and order table

commit 4b4666e9d13c5d17f854e4d6b52e65f7f61a94bc
Author: Thomas Shortt <tmshortt07@gmail.com>
Date:   Tue May 30 15:23:29 2017 +1000

    Setup run() function

commit c885b2933d71104d7edabe4cd827750affda43a8
Author: Thomas Shortt <tmshortt07@gmail.com>
Date:   Tue May 30 15:06:50 2017 +1000

    Initialized components

commit 6801eaf1d8638acbff93afd32045029cf22d3de8
Author: Nick Constantine <nickconstantine123@gmail.com>
Date:   Mon May 29 00:31:10 2017 +0000

    README.md edited online with Bitbucket

commit a18d4f4809c5641480ae67383c604f4e13ed7ef2
Author: Thomas Shortt <tmshortt07@gmail.com>
Date:   Tue May 23 12:40:49 2017 +1000

    Fixed Customer and Customer Tests

commit 0c5b9f4d224f0687e7932fcec5399f5993df3ca5
Author: QUTAD\n9171550 <nickconstantine123@gmail.com>
Date:   Tue May 23 12:39:19 2017 +1000

    commit gui thing

commit b1f1ef57b976411bdf0a56a9777de3ae54fcc772
Author: Thomas Shortt <tmshortt07@gmail.com>
Date:   Tue May 23 12:16:12 2017 +1000

    Added Invalid Logs

commit fada391b077c81114e8c510237c36c936c9bf79e
Author: QUTAD\n9171550 <nickconstantine123@gmail.com>
Date:   Tue May 23 12:14:41 2017 +1000

    yyyyeah

commit 3f42d5714216060246494a25c83586725b179dce
Author: QUTAD\n9171550 <nickconstantine123@gmail.com>
Date:   Tue May 23 12:04:58 2017 +1000

    starting gui

commit 2fb088f23b88c8d1805698b90f974f0ef716f8a1
Merge: 2172787 da085bd
Author: Thomas Shortt <tmshortt07@gmail.com>
Date:   Tue May 23 11:52:29 2017 +1000

    Conflict fix

commit 2172787581bab6fcd7398f4f36efa1c709222dc0
Author: Thomas Shortt <tmshortt07@gmail.com>
Date:   Tue May 23 11:50:45 2017 +1000

    Added Invalid Customer Log test

commit da085bd7370223d7b52711a9a1e97fb9f0106dd3
Author: QUTAD\n9171550 <nickconstantine123@gmail.com>
Date:   Tue May 23 11:41:37 2017 +1000

    yeah

commit 07578fc89059dca5a3a1337d18d18b62ce04eeb7
Author: QUTAD\n9171550 <nickconstantine123@gmail.com>
Date:   Tue May 23 11:36:09 2017 +1000

    Thomas Shortt (n8854742)

commit 3da4a162db17bcd0c69dc7bea200c37ce9fc1257
Author: QUTAD\n9171550 <nickconstantine123@gmail.com>
Date:   Tue May 23 11:34:48 2017 +1000

    Nicholas Constantine (n9171550)

commit 136570d145feccee6863e0e1697e6d9923e0ce6f
Author: QUTAD\n9171550 <nickconstantine123@gmail.com>
Date:   Tue May 23 11:29:47 2017 +1000

    update

commit 9086a678accc7a53615d6766d26dbfbcb4547fa8
Author: Thomas Shortt <tmshortt07@gmail.com>
Date:   Tue May 23 11:21:44 2017 +1000

    Quick fix

commit 6d84566324672dc72ad60f6b30cbb6f732f40110
Author: QUTAD\n9171550 <nickconstantine123@gmail.com>
Date:   Tue May 23 11:20:31 2017 +1000

    changed some stuff

commit c41b6ad8a068eda64d96f15dcb4195ca54544eba
Author: Thomas Shortt <tmshortt07@gmail.com>
Date:   Tue May 23 11:19:42 2017 +1000

    Updated Restaurant and Log Tests

commit 2659cac002384dcd3e6b6e2bf6d266aa887c8cbe
Author: n8854742 <n8854742@LAB-GPS517-028.qut.edu.au>
Date:   Tue May 23 11:18:25 2017 +1000

    Update to Restaurant and Log Tests

commit 3e0a02f16f1b38070dd9f7eb61c62e63ce1dfa9c
Author: QUTAD\n9171550 <nickconstantine123@gmail.com>
Date:   Tue May 23 10:57:36 2017 +1000

    updated log tests

commit 0fdf4ede7d623634961a15a74646f48374499f92
Author: QUTAD\n9171550 <nickconstantine123@gmail.com>
Date:   Tue May 23 10:45:21 2017 +1000

    vfaafewa

commit 3e1d113c04247519b814e1cfee247d33ae1d8ed8
Merge: edc8e05 6c415fe
Author: QUTAD\n9171550 <nickconstantine123@gmail.com>
Date:   Tue May 23 10:44:53 2017 +1000

    Merge branch 'master' of https://NickIsReady@bitbucket.org/NickIsReady/asgn2.git

commit edc8e0596cf43d31f37d6cb493c77b007fed6646
Author: QUTAD\n9171550 <nickconstantine123@gmail.com>
Date:   Tue May 23 10:44:21 2017 +1000

    dont reject this commit bitbuckettttt

commit b0ad16e5ba5be3b1c8601801cbf3b2c2c95f6d8f
Author: QUTAD\n9171550 <nickconstantine123@gmail.com>
Date:   Tue May 23 10:43:40 2017 +1000

    this commit better work

commit cb2a2f8035ce01bfb57d7d8e832beefb626cf809
Author: QUTAD\n9171550 <nickconstantine123@gmail.com>
Date:   Tue May 23 10:40:53 2017 +1000

    updated tests pizza restaurant

commit 6c415fec1ae36c225462871b7c1ef61842e26e99
Author: Thomas Shortt <tmshortt07@gmail.com>
Date:   Tue May 23 10:34:59 2017 +1000

    Updated restaurant customer tests

commit 02c4ca05930be6db441272744dacc9cdf306236d
Author: QUTAD\n9171550 <nickconstantine123@gmail.com>
Date:   Tue May 23 10:14:13 2017 +1000

    oops wrong file

commit 56cf7d23185ee41aab4f850357b4ca831f2fbc04
Author: QUTAD\n9171550 <nickconstantine123@gmail.com>
Date:   Tue May 23 09:47:10 2017 +1000

    INVALID LOGGGGG

commit d85f504c12aee2e735303e20c315b83b3a394993
Author: QUTAD\n9171550 <nickconstantine123@gmail.com>
Date:   Tue May 23 09:40:48 2017 +1000

    invalidlog

commit e9ebd6e39d74e5c56ce06c49481d1afd30afbb7c
Author: QUTAD\n9171550 <nickconstantine123@gmail.com>
Date:   Tue May 23 09:16:08 2017 +1000

    fixed resturnat(cant spell)

commit 32f1812e221b238b8d9acc75975dec26cd7789cc
Author: Thomas Shortt <tmshortt07@gmail.com>
Date:   Mon May 22 20:36:39 2017 +1000

    Updated customer tests

commit b1a66c1e441158723617bf27da1d6bcf0dfdb0ee
Author: QUTAD\n9171550 <nickconstantine123@gmail.com>
Date:   Tue May 16 12:48:13 2017 +1000

    fixed some stuff

commit 14202e9009ec2ebc34a8515e766a214031b28fd6
Author: Thomas Shortt <tmshortt07@gmail.com>
Date:   Tue May 16 12:26:40 2017 +1000

    Added LogHandler tests

commit d0041c5166c331ef73195e2bca68e67598521d6d
Merge: feedb34 0e28473
Author: Thomas Shortt <tmshortt07@gmail.com>
Date:   Tue May 16 11:54:51 2017 +1000

    Updated LogHandler

commit feedb34add203132ea11eabd122372bbc3bc0d4b
Author: QUTAD\n9171550 <nickconstantine123@gmail.com>
Date:   Tue May 16 11:52:55 2017 +1000

    create pizza

commit 1178ae0d5b8032d022a7a7a0ede6e39d21fe6fde
Author: QUTAD\n9171550 <nickconstantine123@gmail.com>
Date:   Tue May 16 11:45:05 2017 +1000

    pizza restaurant test so far

commit 0e28473ed814cf420c9ff6dd92b56dcc1a203e2c
Author: QUTAD\n9171550 <nickconstantine123@gmail.com>
Date:   Tue May 16 11:28:25 2017 +1000

    edited pizza restaurant

commit 438538bb1036910f46ff09523a6793e6b443ba40
Merge: ef64acf efa8021
Author: QUTAD\n9171550 <nickconstantine123@gmail.com>
Date:   Tue May 16 11:27:22 2017 +1000

    Merge branch 'master' of https://NickIsReady@bitbucket.org/NickIsReady/asgn2.git

commit ef64acf67d1637b7c212af17038062887aaa9251
Author: QUTAD\n9171550 <nickconstantine123@gmail.com>
Date:   Tue May 16 11:26:50 2017 +1000

    edited pizza restaurant

commit efa8021c16fbe59cf4fd550947e9154f83d822ef
Merge: 032affd 9efc412
Author: n8854742 <n8854742@LAB-GPS517-028.qut.edu.au>
Date:   Tue May 16 11:19:48 2017 +1000

    Merge branch 'master' of https://thomas_shortt@bitbucket.org/NickIsReady/asgn2.git

commit 032affd769fc20604b8b6d42e6b5f8bdc1616a31
Author: Tomo-Shortty <tmshortt07@gmail.com>
Date:   Tue May 16 11:17:24 2017 +1000

    Updated customer tests

commit 58808bbd2d9751e17bf1a93bc429f5c5659828d9
Author: n8854742 <tmshortt07@gmail.com>
Date:   Tue May 16 11:15:25 2017 +1000

    Updated customer tests

commit 9b319cc5befdff2eefb5a9b29b7105008d3a3d54
Author: Thomas Shortt <tmshortt07@gmail.com>
Date:   Tue May 16 11:14:00 2017 +1000

    Updated Customer tests

commit 9efc412ce3311122254cdf1a5b71b2583a0ff721
Author: QUTAD\n9171550 <nickconstantine123@gmail.com>
Date:   Tue May 16 11:13:03 2017 +1000

    PizzaFactoryTests++;

commit 5eb19c6a2b8628fb5700942c9a4582d6fc00ba5d
Author: Thomas Shortt <tmshortt07@gmail.com>
Date:   Tue May 16 11:12:20 2017 +1000

    Updated Customer tests

commit de753430c73c4dafc71afe504ab18a699b367d05
Author: Thomas Shortt <tmshortt07@gmail.com>
Date:   Tue May 16 11:10:04 2017 +1000

    Updated CustomerTests

commit f90d5ebb520c4a52a9e5962c516c469c15a18aa6
Author: QUTAD\n9171550 <nickconstantine123@gmail.com>
Date:   Tue May 16 10:46:33 2017 +1000

    Pizza Tests

commit dc24b0ef70f1bb8d98b5109600c84fe66ce9ea3d
Author: QUTAD\n9171550 <nickconstantine123@gmail.com>
Date:   Tue May 16 10:20:35 2017 +1000

    pizza toppings fixed

commit 97419503cb2d7778dbd6d3d2e35b037e4149d084
Author: QUTAD\n9171550 <nickconstantine123@gmail.com>
Date:   Tue May 16 09:15:12 2017 +1000

    another update

commit aa0cac9ea13ce32d77fde9b408d08459c225c2d0
Author: Tomo-Shortty <tmshortt07@gmail.com>
Date:   Fri May 12 17:12:35 2017 +1000

    Added Delivery Distance test

commit 32d8359978a251ba1d475a772dbdd6bc7a48a4b3
Author: Tomo-Shortty <tomo_007@live.com.au>
Date:   Fri May 12 16:54:36 2017 +1000

    Added Exception Tests

commit 02ccf9a5b2b100caa185825f82343a1163bad4b8
Author: Tomo-Shortty <tomo_007@live.com.au>
Date:   Fri May 12 16:23:07 2017 +1000

    Added Customer Tests

commit b2d95bae9967593ec6d0877eb82a6ac8725285b0
Author: Tomo-Shortty <tomo_007@live.com.au>
Date:   Tue May 9 14:49:58 2017 +1000

    Commit Test

commit 0f193975bbc6a490fd31ef85c34c1c3baee6428b
Author: Thomas Shortt <tmshortt07@gmail.com>
Date:   Tue May 9 04:42:13 2017 +0000

    RestaurantCustomerTests

commit 107872b8e0fb231f4291923295bd28cfd077c815
Author: Thomas Shortt <tmshortt07@gmail.com>
Date:   Tue May 9 04:41:39 2017 +0000

    CustomerTests

commit dfa1319dfe9127591d1b8af85d4f83964c67cb30
Author: Thomas Shortt <tmshortt07@gmail.com>
Date:   Tue May 9 04:41:02 2017 +0000

    CustomerFactoryTests

commit 158a9166a2f80a8f50146e8f2f263bf6f61c7fa5
Author: Thomas Shortt <tmshortt07@gmail.com>
Date:   Tue May 9 04:39:31 2017 +0000

    Modified PizzaRestaurant

commit 08e40556dd813ae5d83c656a23d78cd9e2dc5f88
Author: Thomas Shortt <tmshortt07@gmail.com>
Date:   Tue May 9 04:37:27 2017 +0000

    Modified PizzaFactory

commit 31591d4fa41614ee23b4f9f6578c20548ae5d075
Author: Thomas Shortt <tmshortt07@gmail.com>
Date:   Tue May 9 04:36:33 2017 +0000

    Modified MeatLoversPizza

commit 9fd10ede7d8ba758a536262b46adc3fa6b396585
Author: Thomas Shortt <tmshortt07@gmail.com>
Date:   Tue May 9 04:35:23 2017 +0000

    Modified VegetarianPizza

commit 610681bf0fc7c3d2fd3f845a492fce03cb027237
Author: Thomas Shortt <tmshortt07@gmail.com>
Date:   Tue May 9 04:34:06 2017 +0000

    Modified MargheritaPizza

commit 14b0e16cf3f34445ec9acd4d8d8c410a3eef53fb
Author: Thomas Shortt <tmshortt07@gmail.com>
Date:   Tue May 9 04:33:11 2017 +0000

    Modified Pizza

commit 659ef434c8fb443175af42114e62b5061ece90d5
Author: QUTAD\n9171550 <nickconstantine123@gmail.com>
Date:   Tue May 9 12:39:55 2017 +1000

    YEAH

commit 4794873875a049e389f9c9c85d34daab18308fd0
Author: QUTAD\n9171550 <nickconstantine123@gmail.com>
Date:   Tue May 9 12:08:49 2017 +1000

    MAJOR BUG FIX

commit 69bc24d6ffd3fa486b2a9b6b4727d4d982ad192a
Author: QUTAD\n9171550 <nickconstantine123@gmail.com>
Date:   Tue May 9 12:05:08 2017 +1000

    updated

commit a3c78946201a82f519b1c0bae2fd37c55f14505b
Author: QUTAD\n9171550 <nickconstantine123@gmail.com>
Date:   Tue May 9 11:56:22 2017 +1000

    processlog

commit 678e1b9069de8dfaffdc25549b4e4ec807ecf4ba
Author: QUTAD\n9171550 <nickconstantine123@gmail.com>
Date:   Tue May 9 11:21:40 2017 +1000

    added my name and yeah

commit 0049b427ff157184ac5c6b14058e9e9dea58f701
Author: QUTAD\n9171550 <nickconstantine123@gmail.com>
Date:   Tue May 9 11:19:26 2017 +1000

    updated

commit 0561bf9bd434aae95f7d514dead888497d87de07
Author: QUTAD\n9171550 <nickconstantine123@gmail.com>
Date:   Tue May 9 11:06:41 2017 +1000

    updated

commit 46839c65b072c788d1af30336f940d255a73099f
Author: QUTAD\n9171550 <nickconstantine123@gmail.com>
Date:   Tue May 9 09:38:53 2017 +1000

    UPDATED EXCEPTION HANDLING (CAPSLOCK)

commit 7cebbb69a83ec31dc1b172c32833a24b88f6d365
Author: QUTAD\n9171550 <nickconstantine123@gmail.com>
Date:   Tue May 9 08:59:48 2017 +1000

    logs updated

commit d809c73ac61d2aee070ea105ba71f622956f478f
Author: NickIsReady <nickconstantine123@gmail.com>
Date:   Mon May 8 12:07:23 2017 +1000

    Update README.md

commit 1f5d37bcfc8fe4788f08721a7132fa83a0e7bce7
Author: Nick <nickconstantine123@gmail.com>
Date:   Mon May 8 11:45:09 2017 +1000

    Customer class done

commit 9d168faed06691d68e5842ebcfb131b8b3526776
Author: Nick <nickconstantine123@gmail.com>
Date:   Mon May 8 11:25:12 2017 +1000

    all except customerFactory

commit 988257d32eb452498b1c533fb76d3cd392333252
Author: Tomo-Shortty <tomo_007@live.com.au>
Date:   Sun May 7 17:30:51 2017 +1000

    Modified Pizza Abstract Class

commit 38d2c364e4e938eee350a05cf8f6ed8c135c4612
Author: QUTAD\n9171550 <nickconstantine123@gmail.com>
Date:   Fri May 5 11:50:35 2017 +1000

    no message

commit f57c0e6014c9264418758aa1385cae80b1128b73
Author: QUTAD\n9171550 <nickconstantine123@gmail.com>
Date:   Fri May 5 11:08:23 2017 +1000

    hi

commit e1408c54eba8f91b4e07ca96bd0dbc9a95d713ca
Author: Tomo-Shortty <tomo_007@live.com.au>
Date:   Fri May 5 11:06:48 2017 +1000

    Update README.md
    
    Modified by no-one

commit 1553a85992a5428f57f2d8dd1cd2f7babb24a3ac
Author: QUTAD\n9171550 <nickconstantine123@gmail.com>
Date:   Fri May 5 11:05:24 2017 +1000

    hdshr

commit 8889cafa545cd553acdbaec8bff8c044df6f27f1
Author: NickIsReady <nickconstantine123@gmail.com>
Date:   Fri May 5 10:44:46 2017 +1000

    Delete Customer.java

commit eec0524766c5b9564673d704b233e9156f241fac
Author: NickIsReady <nickconstantine123@gmail.com>
Date:   Fri May 5 10:43:05 2017 +1000

    Add files via upload

commit 4e0496cc172b9bed213b11fe6eb94eb09266aa5e
Author: NickIsReady <nickconstantine123@gmail.com>
Date:   Thu May 4 16:36:37 2017 +1000

    Delete cab302-asgn2-434d3ada012f.zip

commit 34e27a3267f237d00430be7a91df1d7e1263269a
Author: NickIsReady <nickconstantine123@gmail.com>
Date:   Thu May 4 16:25:57 2017 +1000

    Add files via upload

commit 80f8febf30e86eef85bec2202017315f52e5787e
Author: NickIsReady <nickconstantine123@gmail.com>
Date:   Thu May 4 16:21:48 2017 +1000

    PizzaREADME.md
    
    Git suggested I make one.
